<events type="array">
	<event>
	<id type="integer">1</id>
	<server_count type="integer">600</server_count>
	<server_date>2010-02-11</server_date>
	<server_event type="integer">4</server_event>
	<server_total type="integer">1429</server_total>
	</event>
	<event>
	<id type="integer">2</id>
	<server_count type="integer">600</server_count>
	<server_date>2010-02-12</server_date>
	<server_event type="integer">4</server_event>
	<server_total type="integer">1174</server_total>
	</event>
	<event>
	<id type="integer">3</id>
	<server_count type="integer">600</server_count>
	<server_date>2010-02-13</server_date>
	<server_event type="integer">4</server_event>
	<server_total type="integer">1112</server_total>
	</event>
	<event>
	<id type="integer">1</id>
	<server_count type="integer">600</server_count>
	<server_date>2010-02-14</server_date>
	<server_event type="integer">4</server_event>
	<server_total type="integer">1429</server_total>
	</event>
	
	<event>
	<id type="integer">4</id>
	<server_count type="integer">600</server_count>
	<server_date>2010-02-15</server_date>
	<server_event type="integer">4</server_event>
	<server_total type="integer">1174</server_total>
	</event>
	
	<event>
	<id type="integer">2</id>
	<server_count type="integer">600</server_count>
	<server_date>2010-02-16</server_date>
	<server_event type="integer">4</server_event>
	<server_total type="integer">1112</server_total>
	</event>
	
	<event>
	<id type="integer">3</id>
	<server_count type="integer">600</server_count>
	<server_date>2010-02-17</server_date>
	<server_event type="integer">4</server_event>
	<server_total type="integer">1429</server_total>
	</event>
	
	<event>
	<id type="integer">4</id>
	<server_count type="integer">600</server_count>
	<server_date>2010-02-18</server_date>
	<server_event type="integer">4</server_event>
	<server_total type="integer">1174</server_total>
	</event>
	
	<event>
	<id type="integer">1</id>
	<server_count type="integer">600</server_count>
	<server_date>2010-02-19</server_date>
	<server_event type="integer">4</server_event>
	<server_total type="integer">1112</server_total>
	</event>
	
	
	<event>
	<id type="integer">28</id>
	<server_count type="integer">600</server_count>
	<server_date>2010-02-20</server_date>
	<server_event type="integer">4</server_event>
	<server_total type="integer">1112</server_total>
	</event>
</events>